0 info it worked if it ends with ok
1 verbose cli [ 'C:\\Program Files (x86)\\nodejs\\node.exe',
1 verbose cli   'C:\\Program Files (x86)\\nodejs\\node_modules\\npm\\bin\\npm-cli.js',
1 verbose cli   'install',
1 verbose cli   'json-1.8.6' ]
2 info using npm@2.14.20
3 info using node@v4.4.0
4 verbose install initial load of E:\dev\El pirata de Liverpool\elpiratadeliverpool\package.json
5 verbose readDependencies loading dependencies from E:\dev\El pirata de Liverpool\elpiratadeliverpool\package.json
6 silly cache add args [ 'json-1.8.6', null ]
7 verbose cache add spec json-1.8.6
8 silly cache add parsed spec Result {
8 silly cache add   raw: 'json-1.8.6',
8 silly cache add   scope: null,
8 silly cache add   name: 'json-1.8.6',
8 silly cache add   rawSpec: '',
8 silly cache add   spec: 'latest',
8 silly cache add   type: 'tag' }
9 silly addNamed json-1.8.6@latest
10 verbose addNamed "latest" is being treated as a dist-tag for json-1.8.6
11 info addNameTag [ 'json-1.8.6', 'latest' ]
12 silly mapToRegistry name json-1.8.6
13 silly mapToRegistry using default registry
14 silly mapToRegistry registry https://registry.npmjs.org/
15 silly mapToRegistry uri https://registry.npmjs.org/json-1.8.6
16 verbose addNameTag registry:https://registry.npmjs.org/json-1.8.6 not in flight; fetching
17 verbose request uri https://registry.npmjs.org/json-1.8.6
18 verbose request no auth needed
19 info attempt registry request try #1 at 12:47:47
20 verbose request id b3be62013049859f
21 http request GET https://registry.npmjs.org/json-1.8.6
22 http 404 https://registry.npmjs.org/json-1.8.6
23 verbose headers { 'content-type': 'application/json',
23 verbose headers   'cache-control': 'max-age=0',
23 verbose headers   'content-length': '2',
23 verbose headers   'accept-ranges': 'bytes',
23 verbose headers   date: 'Fri, 10 Feb 2017 11:47:47 GMT',
23 verbose headers   via: '1.1 varnish',
23 verbose headers   age: '0',
23 verbose headers   connection: 'keep-alive',
23 verbose headers   'x-served-by': 'cache-lhr6338-LHR',
23 verbose headers   'x-cache': 'MISS',
23 verbose headers   'x-cache-hits': '0',
23 verbose headers   'x-timer': 'S1486727267.191118,VS0,VE369',
23 verbose headers   vary: 'Accept-Encoding' }
24 silly get cb [ 404,
24 silly get   { 'content-type': 'application/json',
24 silly get     'cache-control': 'max-age=0',
24 silly get     'content-length': '2',
24 silly get     'accept-ranges': 'bytes',
24 silly get     date: 'Fri, 10 Feb 2017 11:47:47 GMT',
24 silly get     via: '1.1 varnish',
24 silly get     age: '0',
24 silly get     connection: 'keep-alive',
24 silly get     'x-served-by': 'cache-lhr6338-LHR',
24 silly get     'x-cache': 'MISS',
24 silly get     'x-cache-hits': '0',
24 silly get     'x-timer': 'S1486727267.191118,VS0,VE369',
24 silly get     vary: 'Accept-Encoding' } ]
25 verbose stack Error: Registry returned 404 for GET on https://registry.npmjs.org/json-1.8.6
25 verbose stack     at makeError (C:\Program Files (x86)\nodejs\node_modules\npm\node_modules\npm-registry-client\lib\request.js:264:12)
25 verbose stack     at CachingRegistryClient.<anonymous> (C:\Program Files (x86)\nodejs\node_modules\npm\node_modules\npm-registry-client\lib\request.js:242:14)
25 verbose stack     at Request._callback (C:\Program Files (x86)\nodejs\node_modules\npm\node_modules\npm-registry-client\lib\request.js:172:14)
25 verbose stack     at Request.self.callback (C:\Program Files (x86)\nodejs\node_modules\npm\node_modules\request\request.js:199:22)
25 verbose stack     at emitTwo (events.js:87:13)
25 verbose stack     at Request.emit (events.js:172:7)
25 verbose stack     at Request.<anonymous> (C:\Program Files (x86)\nodejs\node_modules\npm\node_modules\request\request.js:1036:10)
25 verbose stack     at emitOne (events.js:82:20)
25 verbose stack     at Request.emit (events.js:169:7)
25 verbose stack     at IncomingMessage.<anonymous> (C:\Program Files (x86)\nodejs\node_modules\npm\node_modules\request\request.js:963:12)
26 verbose statusCode 404
27 verbose pkgid json-1.8.6
28 verbose cwd E:\dev\El pirata de Liverpool\elpiratadeliverpool
29 error Windows_NT 6.3.9600
30 error argv "C:\\Program Files (x86)\\nodejs\\node.exe" "C:\\Program Files (x86)\\nodejs\\node_modules\\npm\\bin\\npm-cli.js" "install" "json-1.8.6"
31 error node v4.4.0
32 error npm  v2.14.20
33 error code E404
34 error 404 Registry returned 404 for GET on https://registry.npmjs.org/json-1.8.6
34 error 404
34 error 404 'json-1.8.6' is not in the npm registry.
34 error 404 You should bug the author to publish it (or use the name yourself!)
34 error 404
34 error 404 Note that you can also install from a
34 error 404 tarball, folder, http url, or git url.
35 verbose exit [ 1, true ]
